[0927/164456.229:ERROR:settings.cc(320)] Settings magic is not 1129342067
[1001/142700.839:ERROR:process_memory_win.cc(73)] ReadMemory at 0xd1437e4000 of 114688 bytes failed: Only part of a ReadProcessMemory or WriteProcessMemory request was completed. (0x12B)
[1001/142700.839:ERROR:process_memory_win.cc(73)] ReadMemory at 0xd143ffd000 of 12288 bytes failed: Only part of a ReadProcessMemory or WriteProcessMemory request was completed. (0x12B)
[1001/142700.839:ERROR:process_memory_win.cc(73)] ReadMemory at 0xd1447fc000 of 16384 bytes failed: Only part of a ReadProcessMemory or WriteProcessMemory request was completed. (0x12B)
[1001/142700.839:ERROR:process_memory_win.cc(73)] ReadMemory at 0xd144ffc000 of 16384 bytes failed: Only part of a ReadProcessMemory or WriteProcessMemory request was completed. (0x12B)
[1001/142700.839:ERROR:process_memory_win.cc(73)] ReadMemory at 0xd1457fb000 of 20480 bytes failed: Only part of a ReadProcessMemory or WriteProcessMemory request was completed. (0x12B)
[1001/142700.839:ERROR:process_memory_win.cc(73)] ReadMemory at 0xd145ffe000 of 8192 bytes failed: Only part of a ReadProcessMemory or WriteProcessMemory request was completed. (0x12B)
[1001/142700.839:ERROR:process_memory_win.cc(73)] ReadMemory at 0xd1467fd000 of 12288 bytes failed: Only part of a ReadProcessMemory or WriteProcessMemory request was completed. (0x12B)
[1001/142700.839:ERROR:process_memory_win.cc(73)] ReadMemory at 0xd146ffc000 of 16384 bytes failed: Only part of a ReadProcessMemory or WriteProcessMemory request was completed. (0x12B)
[1001/142700.839:ERROR:process_memory_win.cc(73)] ReadMemory at 0xd1477fd000 of 12288 bytes failed: Only part of a ReadProcessMemory or WriteProcessMemory request was completed. (0x12B)
[1001/142700.839:ERROR:process_memory_win.cc(73)] ReadMemory at 0xd147ffd000 of 12288 bytes failed: Only part of a ReadProcessMemory or WriteProcessMemory request was completed. (0x12B)
[1001/142700.839:ERROR:process_memory_win.cc(73)] ReadMemory at 0xd1487fa000 of 24576 bytes failed: Only part of a ReadProcessMemory or WriteProcessMemory request was completed. (0x12B)
[1001/142700.839:ERROR:process_memory_win.cc(73)] ReadMemory at 0xd148ffb000 of 20480 bytes failed: Only part of a ReadProcessMemory or WriteProcessMemory request was completed. (0x12B)
[1001/142700.839:ERROR:process_memory_win.cc(73)] ReadMemory at 0xd1497fd000 of 12288 bytes failed: Only part of a ReadProcessMemory or WriteProcessMemory request was completed. (0x12B)
[1001/142700.839:ERROR:process_memory_win.cc(73)] ReadMemory at 0xd149ffd000 of 12288 bytes failed: Only part of a ReadProcessMemory or WriteProcessMemory request was completed. (0x12B)
[1001/142700.839:ERROR:process_memory_win.cc(73)] ReadMemory at 0xd14a7fc000 of 16384 bytes failed: Only part of a ReadProcessMemory or WriteProcessMemory request was completed. (0x12B)
[1001/142700.839:ERROR:process_memory_win.cc(73)] ReadMemory at 0xd142fb4000 of 852 bytes failed: Only part of a ReadProcessMemory or WriteProcessMemory request was completed. (0x12B)
[1001/142700.839:ERROR:process_memory_win.cc(73)] ReadMemory at 0xd142fb5000 of 6024 bytes failed: Only part of a ReadProcessMemory or WriteProcessMemory request was completed. (0x12B)
[1001/142700.839:ERROR:process_memory_win.cc(73)] ReadMemory at 0xd142fb7000 of 6024 bytes failed: Only part of a ReadProcessMemory or WriteProcessMemory request was completed. (0x12B)
[1001/142700.839:ERROR:process_memory_win.cc(73)] ReadMemory at 0xd142fb9000 of 6024 bytes failed: Only part of a ReadProcessMemory or WriteProcessMemory request was completed. (0x12B)
[1001/142700.839:ERROR:process_memory_win.cc(73)] ReadMemory at 0xd142fbb000 of 6024 bytes failed: Only part of a ReadProcessMemory or WriteProcessMemory request was completed. (0x12B)
[1001/142700.839:ERROR:process_memory_win.cc(73)] ReadMemory at 0xd142fbd000 of 6024 bytes failed: Only part of a ReadProcessMemory or WriteProcessMemory request was completed. (0x12B)
[1001/142700.839:ERROR:process_memory_win.cc(73)] ReadMemory at 0xd142fbf000 of 6024 bytes failed: Only part of a ReadProcessMemory or WriteProcessMemory request was completed. (0x12B)
[1001/142700.839:ERROR:process_memory_win.cc(73)] ReadMemory at 0xd142fc1000 of 6024 bytes failed: Only part of a ReadProcessMemory or WriteProcessMemory request was completed. (0x12B)
[1001/142700.839:ERROR:process_memory_win.cc(73)] ReadMemory at 0xd142fc3000 of 6024 bytes failed: Only part of a ReadProcessMemory or WriteProcessMemory request was completed. (0x12B)
[1001/142700.839:ERROR:process_memory_win.cc(73)] ReadMemory at 0xd142fc5000 of 6024 bytes failed: Only part of a ReadProcessMemory or WriteProcessMemory request was completed. (0x12B)
[1001/142700.854:ERROR:process_memory_win.cc(73)] ReadMemory at 0xd142fc7000 of 6024 bytes failed: Only part of a ReadProcessMemory or WriteProcessMemory request was completed. (0x12B)
[1001/142700.854:ERROR:process_memory_win.cc(73)] ReadMemory at 0xd142fc9000 of 6024 bytes failed: Only part of a ReadProcessMemory or WriteProcessMemory request was completed. (0x12B)
[1001/142700.854:ERROR:process_memory_win.cc(73)] ReadMemory at 0xd142fcb000 of 6024 bytes failed: Only part of a ReadProcessMemory or WriteProcessMemory request was completed. (0x12B)
[1001/142700.854:ERROR:process_memory_win.cc(73)] ReadMemory at 0xd142fcd000 of 6024 bytes failed: Only part of a ReadProcessMemory or WriteProcessMemory request was completed. (0x12B)
[1001/142700.854:ERROR:process_memory_win.cc(73)] ReadMemory at 0xd142fcf000 of 6024 bytes failed: Only part of a ReadProcessMemory or WriteProcessMemory request was completed. (0x12B)
[1001/142700.854:ERROR:process_memory_win.cc(73)] ReadMemory at 0xd142fd1000 of 6024 bytes failed: Only part of a ReadProcessMemory or WriteProcessMemory request was completed. (0x12B)
[1001/142700.854:ERROR:process_memory_win.cc(73)] ReadMemory at 0x2221c6c0000 of 384 bytes failed: Only part of a ReadProcessMemory or WriteProcessMemory request was completed. (0x12B)
[1001/142700.854:ERROR:process_memory_win.cc(73)] ReadMemory at 0x2221c6c0244 of 512 bytes failed: Only part of a ReadProcessMemory or WriteProcessMemory request was completed. (0x12B)
[1001/142700.854:ERROR:process_memory_win.cc(73)] ReadMemory at 0x2221c6c0ca0 of 512 bytes failed: Only part of a ReadProcessMemory or WriteProcessMemory request was completed. (0x12B)
[1001/142700.854:ERROR:process_memory_win.cc(73)] ReadMemory at 0x2221c6c0f40 of 512 bytes failed: Only part of a ReadProcessMemory or WriteProcessMemory request was completed. (0x12B)
[1001/142700.854:ERROR:process_memory_win.cc(73)] ReadMemory at 0x2221c6c2740 of 512 bytes failed: Only part of a ReadProcessMemory or WriteProcessMemory request was completed. (0x12B)
[1001/142700.854:ERROR:process_memory_win.cc(73)] ReadMemory at 0x2221c760fe0 of 5124 bytes failed: Only part of a ReadProcessMemory or WriteProcessMemory request was completed. (0x12B)
[1001/142700.854:ERROR:process_memory_win.cc(73)] ReadMemory at 0x2221c7623f0 of 1012 bytes failed: Only part of a ReadProcessMemory or WriteProcessMemory request was completed. (0x12B)
[1001/142700.854:ERROR:process_memory_win.cc(73)] ReadMemory at 0x2221c762a38 of 118 bytes failed: Only part of a ReadProcessMemory or WriteProcessMemory request was completed. (0x12B)
[1001/142700.854:ERROR:process_memory_win.cc(73)] ReadMemory at 0x2221c762ab0 of 758 bytes failed: Only part of a ReadProcessMemory or WriteProcessMemory request was completed. (0x12B)
[1001/142700.854:ERROR:process_memory_win.cc(73)] ReadMemory at 0x2221c762da8 of 118 bytes failed: Only part of a ReadProcessMemory or WriteProcessMemory request was completed. (0x12B)
[1001/142700.854:ERROR:process_memory_win.cc(73)] ReadMemory at 0x2221c762e20 of 94 bytes failed: Only part of a ReadProcessMemory or WriteProcessMemory request was completed. (0x12B)
[1001/142700.854:ERROR:process_memory_win.cc(73)] ReadMemory at 0x2221c762e90 of 58 bytes failed: Only part of a ReadProcessMemory or WriteProcessMemory request was completed. (0x12B)
[1001/142700.854:ERROR:process_memory_win.cc(73)] ReadMemory at 0x2221c762f90 of 132 bytes failed: Only part of a ReadProcessMemory or WriteProcessMemory request was completed. (0x12B)
[1001/142700.854:ERROR:process_memory_win.cc(73)] ReadMemory at 0x2221c763120 of 132 bytes failed: Only part of a ReadProcessMemory or WriteProcessMemory request was completed. (0x12B)
[1001/142700.854:ERROR:process_memory_win.cc(73)] ReadMemory at 0x2221c7632e0 of 126 bytes failed: Only part of a ReadProcessMemory or WriteProcessMemory request was completed. (0x12B)
[1001/142700.854:ERROR:process_memory_win.cc(73)] ReadMemory at 0x2221c7635d0 of 132 bytes failed: Only part of a ReadProcessMemory or WriteProcessMemory request was completed. (0x12B)
[1001/142700.854:ERROR:process_memory_win.cc(73)] ReadMemory at 0x2221c763b50 of 132 bytes failed: Only part of a ReadProcessMemory or WriteProcessMemory request was completed. (0x12B)
[1001/142700.854:ERROR:process_memory_win.cc(73)] ReadMemory at 0x2221c763ce0 of 64 bytes failed: Only part of a ReadProcessMemory or WriteProcessMemory request was completed. (0x12B)
[1001/142700.854:ERROR:process_memory_win.cc(73)] ReadMemory at 0x2221c764140 of 132 bytes failed: Only part of a ReadProcessMemory or WriteProcessMemory request was completed. (0x12B)
[1001/142700.854:ERROR:process_memory_win.cc(73)] ReadMemory at 0x2221c7642d0 of 68 bytes failed: Only part of a ReadProcessMemory or WriteProcessMemory request was completed. (0x12B)
[1001/142700.854:ERROR:process_memory_win.cc(73)] ReadMemory at 0x2221c768fc0 of 132 bytes failed: Only part of a ReadProcessMemory or WriteProcessMemory request was completed. (0x12B)
[1001/142700.854:ERROR:process_memory_win.cc(73)] ReadMemory at 0x2221c7690f0 of 154 bytes failed: Only part of a ReadProcessMemory or WriteProcessMemory request was completed. (0x12B)
[1001/142700.854:ERROR:process_memory_win.cc(73)] ReadMemory at 0x2221c76c750 of 62 bytes failed: Only part of a ReadProcessMemory or WriteProcessMemory request was completed. (0x12B)
[1001/142700.854:ERROR:process_memory_win.cc(73)] ReadMemory at 0x2221c76c880 of 132 bytes failed: Only part of a ReadProcessMemory or WriteProcessMemory request was completed. (0x12B)
[1001/142700.854:ERROR:process_memory_win.cc(73)] ReadMemory at 0x2221c76c9b0 of 60 bytes failed: Only part of a ReadProcessMemory or WriteProcessMemory request was completed. (0x12B)
[1001/142700.854:ERROR:process_memory_win.cc(73)] ReadMemory at 0x2221c76d270 of 62 bytes failed: Only part of a ReadProcessMemory or WriteProcessMemory request was completed. (0x12B)
[1001/142700.854:ERROR:process_memory_win.cc(73)] ReadMemory at 0x2221c772820 of 54 bytes failed: Only part of a ReadProcessMemory or WriteProcessMemory request was completed. (0x12B)
[1001/142700.854:ERROR:process_memory_win.cc(73)] ReadMemory at 0x2221c7732c0 of 80 bytes failed: Only part of a ReadProcessMemory or WriteProcessMemory request was completed. (0x12B)
[1001/142700.854:ERROR:process_memory_win.cc(73)] ReadMemory at 0x2221c7736e0 of 80 bytes failed: Only part of a ReadProcessMemory or WriteProcessMemory request was completed. (0x12B)
[1001/142700.854:ERROR:process_memory_win.cc(73)] ReadMemory at 0x2221c7765d0 of 132 bytes failed: Only part of a ReadProcessMemory or WriteProcessMemory request was completed. (0x12B)
[1001/142700.854:ERROR:process_memory_win.cc(73)] ReadMemory at 0x2221c776940 of 132 bytes failed: Only part of a ReadProcessMemory or WriteProcessMemory request was completed. (0x12B)
[1001/142700.854:ERROR:process_memory_win.cc(73)] ReadMemory at 0x2221c776c50 of 132 bytes failed: Only part of a ReadProcessMemory or WriteProcessMemory request was completed. (0x12B)
[1001/142700.854:ERROR:process_memory_win.cc(73)] ReadMemory at 0x2221c776f10 of 132 bytes failed: Only part of a ReadProcessMemory or WriteProcessMemory request was completed. (0x12B)
[1001/142700.854:ERROR:process_memory_win.cc(73)] ReadMemory at 0x2221c777330 of 132 bytes failed: Only part of a ReadProcessMemory or WriteProcessMemory request was completed. (0x12B)
[1001/142700.854:ERROR:process_memory_win.cc(73)] ReadMemory at 0x2221c777c90 of 146 bytes failed: Only part of a ReadProcessMemory or WriteProcessMemory request was completed. (0x12B)
[1001/142700.854:ERROR:process_memory_win.cc(73)] ReadMemory at 0x2221c77a160 of 132 bytes failed: Only part of a ReadProcessMemory or WriteProcessMemory request was completed. (0x12B)
[1001/142700.854:ERROR:process_memory_win.cc(73)] ReadMemory at 0x2221c77a480 of 132 bytes failed: Only part of a ReadProcessMemory or WriteProcessMemory request was completed. (0x12B)
[1001/142700.854:ERROR:process_memory_win.cc(73)] ReadMemory at 0x2221c77a6e0 of 62 bytes failed: Only part of a ReadProcessMemory or WriteProcessMemory request was completed. (0x12B)
[1001/142700.854:ERROR:process_memory_win.cc(73)] ReadMemory at 0x2221c77a780 of 64 bytes failed: Only part of a ReadProcessMemory or WriteProcessMemory request was completed. (0x12B)
[1001/142700.854:ERROR:process_memory_win.cc(73)] ReadMemory at 0x2221c77a7d0 of 62 bytes failed: Only part of a ReadProcessMemory or WriteProcessMemory request was completed. (0x12B)
[1001/142700.854:ERROR:process_memory_win.cc(73)] ReadMemory at 0x2221c77a870 of 64 bytes failed: Only part of a ReadProcessMemory or WriteProcessMemory request was completed. (0x12B)
[1001/142700.854:ERROR:process_memory_win.cc(73)] ReadMemory at 0x2221c77a9b0 of 62 bytes failed: Only part of a ReadProcessMemory or WriteProcessMemory request was completed. (0x12B)
[1001/142700.854:ERROR:process_memory_win.cc(73)] ReadMemory at 0x2221c77aa00 of 60 bytes failed: Only part of a ReadProcessMemory or WriteProcessMemory request was completed. (0x12B)
[1001/142700.854:ERROR:process_memory_win.cc(73)] ReadMemory at 0x2221c77aaa0 of 60 bytes failed: Only part of a ReadProcessMemory or WriteProcessMemory request was completed. (0x12B)
[1001/142700.854:ERROR:process_memory_win.cc(73)] ReadMemory at 0x2221c77ac30 of 60 bytes failed: Only part of a ReadProcessMemory or WriteProcessMemory request was completed. (0x12B)
[1001/142700.854:ERROR:process_memory_win.cc(73)] ReadMemory at 0x2221c77ad20 of 66 bytes failed: Only part of a ReadProcessMemory or WriteProcessMemory request was completed. (0x12B)
[1001/142700.854:ERROR:process_memory_win.cc(73)] ReadMemory at 0x2221c77ad70 of 62 bytes failed: Only part of a ReadProcessMemory or WriteProcessMemory request was completed. (0x12B)
[1001/142700.854:ERROR:process_memory_win.cc(73)] ReadMemory at 0x2221c77adc0 of 64 bytes failed: Only part of a ReadProcessMemory or WriteProcessMemory request was completed. (0x12B)
[1001/142700.854:ERROR:process_memory_win.cc(73)] ReadMemory at 0x2221c77aeb0 of 58 bytes failed: Only part of a ReadProcessMemory or WriteProcessMemory request was completed. (0x12B)
[1001/142700.854:ERROR:process_memory_win.cc(73)] ReadMemory at 0x2221c77af00 of 64 bytes failed: Only part of a ReadProcessMemory or WriteProcessMemory request was completed. (0x12B)
[1001/142700.854:ERROR:process_memory_win.cc(73)] ReadMemory at 0x2221c77af50 of 60 bytes failed: Only part of a ReadProcessMemory or WriteProcessMemory request was completed. (0x12B)
[1001/142700.854:ERROR:process_memory_win.cc(73)] ReadMemory at 0x2221c77afa0 of 62 bytes failed: Only part of a ReadProcessMemory or WriteProcessMemory request was completed. (0x12B)
[1001/142700.854:ERROR:process_memory_win.cc(73)] ReadMemory at 0x2221c77aff0 of 64 bytes failed: Only part of a ReadProcessMemory or WriteProcessMemory request was completed. (0x12B)
[1001/142700.854:ERROR:process_memory_win.cc(73)] ReadMemory at 0x2221c77b090 of 62 bytes failed: Only part of a ReadProcessMemory or WriteProcessMemory request was completed. (0x12B)
[1001/142700.854:ERROR:process_memory_win.cc(73)] ReadMemory at 0x2221c77b0e0 of 60 bytes failed: Only part of a ReadProcessMemory or WriteProcessMemory request was completed. (0x12B)
[1001/142700.854:ERROR:process_memory_win.cc(73)] ReadMemory at 0x2221c77b130 of 64 bytes failed: Only part of a ReadProcessMemory or WriteProcessMemory request was completed. (0x12B)
[1001/142700.854:ERROR:process_memory_win.cc(73)] ReadMemory at 0x2221c77b180 of 62 bytes failed: Only part of a ReadProcessMemory or WriteProcessMemory request was completed. (0x12B)
[1001/142700.854:ERROR:process_memory_win.cc(73)] ReadMemory at 0x2221c77b1d0 of 66 bytes failed: Only part of a ReadProcessMemory or WriteProcessMemory request was completed. (0x12B)
[1001/142700.854:ERROR:process_memory_win.cc(73)] ReadMemory at 0x2221c77b2c0 of 64 bytes failed: Only part of a ReadProcessMemory or WriteProcessMemory request was completed. (0x12B)
[1001/142700.854:ERROR:process_memory_win.cc(73)] ReadMemory at 0x2221c77b400 of 62 bytes failed: Only part of a ReadProcessMemory or WriteProcessMemory request was completed. (0x12B)
[1001/142700.854:ERROR:process_memory_win.cc(73)] ReadMemory at 0x2221c77b4a0 of 62 bytes failed: Only part of a ReadProcessMemory or WriteProcessMemory request was completed. (0x12B)
[1001/142700.854:ERROR:process_memory_win.cc(73)] ReadMemory at 0x2221c77b4f0 of 64 bytes failed: Only part of a ReadProcessMemory or WriteProcessMemory request was completed. (0x12B)
[1001/142700.854:ERROR:process_memory_win.cc(73)] ReadMemory at 0x2221c77b540 of 60 bytes failed: Only part of a ReadProcessMemory or WriteProcessMemory request was completed. (0x12B)
[1001/142700.854:ERROR:process_memory_win.cc(73)] ReadMemory at 0x2221c77c020 of 132 bytes failed: Only part of a ReadProcessMemory or WriteProcessMemory request was completed. (0x12B)
[1001/142700.854:ERROR:process_memory_win.cc(73)] ReadMemory at 0x2221c77c380 of 132 bytes failed: Only part of a ReadProcessMemory or WriteProcessMemory request was completed. (0x12B)
[1001/142700.854:ERROR:process_memory_win.cc(73)] ReadMemory at 0x2221c77c5e0 of 132 bytes failed: Only part of a ReadProcessMemory or WriteProcessMemory request was completed. (0x12B)
[1001/142700.854:ERROR:process_memory_win.cc(73)] ReadMemory at 0x2221c77c710 of 132 bytes failed: Only part of a ReadProcessMemory or WriteProcessMemory request was completed. (0x12B)
[1001/142700.854:ERROR:process_memory_win.cc(73)] ReadMemory at 0x2221c77c840 of 132 bytes failed: Only part of a ReadProcessMemory or WriteProcessMemory request was completed. (0x12B)
[1001/142700.854:ERROR:process_memory_win.cc(73)] ReadMemory at 0x2221c77c970 of 132 bytes failed: Only part of a ReadProcessMemory or WriteProcessMemory request was completed. (0x12B)
[1001/142700.854:ERROR:process_memory_win.cc(73)] ReadMemory at 0x2221c77caa0 of 132 bytes failed: Only part of a ReadProcessMemory or WriteProcessMemory request was completed. (0x12B)
[1001/142700.854:ERROR:process_memory_win.cc(73)] ReadMemory at 0x2221c77cbd0 of 132 bytes failed: Only part of a ReadProcessMemory or WriteProcessMemory request was completed. (0x12B)
[1001/142700.854:ERROR:process_memory_win.cc(73)] ReadMemory at 0x2221c77ce30 of 132 bytes failed: Only part of a ReadProcessMemory or WriteProcessMemory request was completed. (0x12B)
[1001/142700.854:ERROR:process_memory_win.cc(73)] ReadMemory at 0x2221c77cf60 of 132 bytes failed: Only part of a ReadProcessMemory or WriteProcessMemory request was completed. (0x12B)
[1001/142700.854:ERROR:process_memory_win.cc(73)] ReadMemory at 0x2221c77d090 of 132 bytes failed: Only part of a ReadProcessMemory or WriteProcessMemory request was completed. (0x12B)
[1001/142700.854:ERROR:process_memory_win.cc(73)] ReadMemory at 0x2221c77d1c0 of 132 bytes failed: Only part of a ReadProcessMemory or WriteProcessMemory request was completed. (0x12B)
[1001/142700.854:ERROR:process_memory_win.cc(73)] ReadMemory at 0x2221c77d2f0 of 132 bytes failed: Only part of a ReadProcessMemory or WriteProcessMemory request was completed. (0x12B)
[1001/142700.854:ERROR:process_memory_win.cc(73)] ReadMemory at 0x2221c77d420 of 132 bytes failed: Only part of a ReadProcessMemory or WriteProcessMemory request was completed. (0x12B)
[1001/142700.854:ERROR:process_memory_win.cc(73)] ReadMemory at 0x2221c783df0 of 132 bytes failed: Only part of a ReadProcessMemory or WriteProcessMemory request was completed. (0x12B)
[1001/142700.854:ERROR:process_memory_win.cc(73)] ReadMemory at 0x2221c783f20 of 132 bytes failed: Only part of a ReadProcessMemory or WriteProcessMemory request was completed. (0x12B)
[1001/142700.854:ERROR:process_memory_win.cc(73)] ReadMemory at 0x2221c7842b0 of 132 bytes failed: Only part of a ReadProcessMemory or WriteProcessMemory request was completed. (0x12B)
[1001/142700.854:ERROR:process_memory_win.cc(73)] ReadMemory at 0x2221c7843e0 of 132 bytes failed: Only part of a ReadProcessMemory or WriteProcessMemory request was completed. (0x12B)
[1001/142700.854:ERROR:process_memory_win.cc(73)] ReadMemory at 0x2221c784510 of 132 bytes failed: Only part of a ReadProcessMemory or WriteProcessMemory request was completed. (0x12B)
[1001/142700.854:ERROR:process_memory_win.cc(73)] ReadMemory at 0x2221c784640 of 132 bytes failed: Only part of a ReadProcessMemory or WriteProcessMemory request was completed. (0x12B)
[1001/142700.854:ERROR:process_memory_win.cc(73)] ReadMemory at 0x2221c7848a0 of 132 bytes failed: Only part of a ReadProcessMemory or WriteProcessMemory request was completed. (0x12B)
[1001/142700.854:ERROR:process_memory_win.cc(73)] ReadMemory at 0x2221c7849d0 of 132 bytes failed: Only part of a ReadProcessMemory or WriteProcessMemory request was completed. (0x12B)
[1001/142700.854:ERROR:process_memory_win.cc(73)] ReadMemory at 0x2221c784e90 of 132 bytes failed: Only part of a ReadProcessMemory or WriteProcessMemory request was completed. (0x12B)
[1001/142700.854:ERROR:process_memory_win.cc(73)] ReadMemory at 0x2221c784fc0 of 132 bytes failed: Only part of a ReadProcessMemory or WriteProcessMemory request was completed. (0x12B)
[1001/142700.854:ERROR:process_memory_win.cc(73)] ReadMemory at 0x2221c7850f0 of 132 bytes failed: Only part of a ReadProcessMemory or WriteProcessMemory request was completed. (0x12B)
[1001/142700.854:ERROR:process_memory_win.cc(73)] ReadMemory at 0x2221c785220 of 132 bytes failed: Only part of a ReadProcessMemory or WriteProcessMemory request was completed. (0x12B)
[1001/142700.854:ERROR:process_memory_win.cc(73)] ReadMemory at 0x2221c785480 of 132 bytes failed: Only part of a ReadProcessMemory or WriteProcessMemory request was completed. (0x12B)
[1001/142700.854:ERROR:process_memory_win.cc(73)] ReadMemory at 0x2221c7855b0 of 132 bytes failed: Only part of a ReadProcessMemory or WriteProcessMemory request was completed. (0x12B)
[1001/142700.854:ERROR:process_memory_win.cc(73)] ReadMemory at 0x2221c785810 of 132 bytes failed: Only part of a ReadProcessMemory or WriteProcessMemory request was completed. (0x12B)
[1001/142700.854:ERROR:process_memory_win.cc(73)] ReadMemory at 0x2221c785940 of 132 bytes failed: Only part of a ReadProcessMemory or WriteProcessMemory request was completed. (0x12B)
[1001/142700.854:ERROR:process_memory_win.cc(73)] ReadMemory at 0x2221c785a70 of 132 bytes failed: Only part of a ReadProcessMemory or WriteProcessMemory request was completed. (0x12B)
[1001/142700.854:ERROR:process_memory_win.cc(73)] ReadMemory at 0x2221c788740 of 76 bytes failed: Only part of a ReadProcessMemory or WriteProcessMemory request was completed. (0x12B)
[1001/142700.854:ERROR:process_memory_win.cc(73)] ReadMemory at 0x2221c793040 of 60 bytes failed: Only part of a ReadProcessMemory or WriteProcessMemory request was completed. (0x12B)
[1001/142700.854:ERROR:process_memory_win.cc(73)] ReadMemory at 0x2221c793130 of 58 bytes failed: Only part of a ReadProcessMemory or WriteProcessMemory request was completed. (0x12B)
[1001/142700.854:ERROR:process_memory_win.cc(73)] ReadMemory at 0x2221c7931d0 of 66 bytes failed: Only part of a ReadProcessMemory or WriteProcessMemory request was completed. (0x12B)
[1001/142700.854:ERROR:process_memory_win.cc(73)] ReadMemory at 0x2221c793400 of 58 bytes failed: Only part of a ReadProcessMemory or WriteProcessMemory request was completed. (0x12B)
[1001/142700.854:ERROR:process_memory_win.cc(73)] ReadMemory at 0x2221c793a40 of 58 bytes failed: Only part of a ReadProcessMemory or WriteProcessMemory request was completed. (0x12B)
[1001/142700.854:ERROR:process_memory_win.cc(73)] ReadMemory at 0x2221c793ae0 of 60 bytes failed: Only part of a ReadProcessMemory or WriteProcessMemory request was completed. (0x12B)
[1001/142700.854:ERROR:process_memory_win.cc(73)] ReadMemory at 0x2221c7d2490 of 512 bytes failed: Only part of a ReadProcessMemory or WriteProcessMemory request was completed. (0x12B)
[1001/142700.854:ERROR:process_memory_win.cc(73)] ReadMemory at 0x2221c7d3b90 of 512 bytes failed: Only part of a ReadProcessMemory or WriteProcessMemory request was completed. (0x12B)
[1001/142700.854:ERROR:process_memory_win.cc(73)] ReadMemory at 0x2221c7e18f0 of 512 bytes failed: Only part of a ReadProcessMemory or WriteProcessMemory request was completed. (0x12B)
[1001/142700.854:ERROR:process_memory_win.cc(73)] ReadMemory at 0x2221c7f03f0 of 512 bytes failed: Only part of a ReadProcessMemory or WriteProcessMemory request was completed. (0x12B)
[1001/142700.854:ERROR:process_memory_win.cc(73)] ReadMemory at 0x2221c80af20 of 512 bytes failed: Only part of a ReadProcessMemory or WriteProcessMemory request was completed. (0x12B)
[1001/142700.854:ERROR:process_memory_win.cc(73)] ReadMemory at 0x2221c80bcb0 of 512 bytes failed: Only part of a ReadProcessMemory or WriteProcessMemory request was completed. (0x12B)
[1001/142700.854:ERROR:process_memory_win.cc(73)] ReadMemory at 0x2221c80bf50 of 512 bytes failed: Only part of a ReadProcessMemory or WriteProcessMemory request was completed. (0x12B)
[1001/142700.854:ERROR:process_memory_win.cc(73)] ReadMemory at 0x2221c80d8f0 of 512 bytes failed: Only part of a ReadProcessMemory or WriteProcessMemory request was completed. (0x12B)
[1001/142700.854:ERROR:process_memory_win.cc(73)] ReadMemory at 0x2221c80dff0 of 512 bytes failed: Only part of a ReadProcessMemory or WriteProcessMemory request was completed. (0x12B)
[1001/142700.854:ERROR:process_memory_win.cc(73)] ReadMemory at 0x2221c812040 of 512 bytes failed: Only part of a ReadProcessMemory or WriteProcessMemory request was completed. (0x12B)
[1001/142700.854:ERROR:process_memory_win.cc(73)] ReadMemory at 0x2221c819080 of 712 bytes failed: Only part of a ReadProcessMemory or WriteProcessMemory request was completed. (0x12B)
[1001/142700.854:ERROR:process_memory_win.cc(73)] ReadMemory at 0x2221c81bf00 of 512 bytes failed: Only part of a ReadProcessMemory or WriteProcessMemory request was completed. (0x12B)
[1001/142700.854:ERROR:process_memory_win.cc(73)] ReadMemory at 0x2221c83de10 of 512 bytes failed: Only part of a ReadProcessMemory or WriteProcessMemory request was completed. (0x12B)
[1001/142700.854:ERROR:process_memory_win.cc(73)] ReadMemory at 0x2221c83e410 of 512 bytes failed: Only part of a ReadProcessMemory or WriteProcessMemory request was completed. (0x12B)
[1001/142700.854:ERROR:process_memory_win.cc(73)] ReadMemory at 0x2221e330000 of 384 bytes failed: Only part of a ReadProcessMemory or WriteProcessMemory request was completed. (0x12B)
[1001/142700.854:ERROR:process_memory_win.cc(73)] ReadMemory at 0x2221e34c620 of 512 bytes failed: Only part of a ReadProcessMemory or WriteProcessMemory request was completed. (0x12B)
[1001/142700.854:ERROR:process_memory_win.cc(73)] ReadMemory at 0x2221e409454 of 512 bytes failed: Only part of a ReadProcessMemory or WriteProcessMemory request was completed. (0x12B)
[1001/142700.854:ERROR:process_memory_win.cc(73)] ReadMemory at 0x2221e45a1d2 of 512 bytes failed: Only part of a ReadProcessMemory or WriteProcessMemory request was completed. (0x12B)
[1001/142700.854:ERROR:process_memory_win.cc(73)] ReadMemory at 0x2221e45a754 of 512 bytes failed: Only part of a ReadProcessMemory or WriteProcessMemory request was completed. (0x12B)
[1001/142700.854:ERROR:process_memory_win.cc(73)] ReadMemory at 0x2221ed0e720 of 512 bytes failed: Only part of a ReadProcessMemory or WriteProcessMemory request was completed. (0x12B)
[1001/142700.854:ERROR:process_memory_win.cc(73)] ReadMemory at 0x7ff8544a3aa9 of 512 bytes failed: Only part of a ReadProcessMemory or WriteProcessMemory request was completed. (0x12B)
[1001/142700.854:ERROR:process_memory_win.cc(73)] ReadMemory at 0x7ff8546cd700 of 512 bytes failed: Only part of a ReadProcessMemory or WriteProcessMemory request was completed. (0x12B)
[1001/142700.854:ERROR:process_memory_win.cc(73)] ReadMemory at 0x7ff854b01f80 of 512 bytes failed: Only part of a ReadProcessMemory or WriteProcessMemory request was completed. (0x12B)
[1001/142700.854:ERROR:process_memory_win.cc(73)] ReadMemory at 0x7ff85671c3bf of 512 bytes failed: Only part of a ReadProcessMemory or WriteProcessMemory request was completed. (0x12B)
[1001/142700.854:ERROR:process_memory_win.cc(73)] ReadMemory at 0x7ff85677c074 of 672 bytes failed: Only part of a ReadProcessMemory or WriteProcessMemory request was completed. (0x12B)
[1001/142700.854:ERROR:process_memory_win.cc(73)] ReadMemory at 0x7ff85677c674 of 512 bytes failed: Only part of a ReadProcessMemory or WriteProcessMemory request was completed. (0x12B)
[1001/142700.854:ERROR:process_memory_win.cc(73)] ReadMemory at 0x7ff85677f924 of 608 bytes failed: Only part of a ReadProcessMemory or WriteProcessMemory request was completed. (0x12B)
[1001/142700.854:ERROR:process_memory_win.cc(73)] ReadMemory at 0x7ff85680c428 of 18 bytes failed: Only part of a ReadProcessMemory or WriteProcessMemory request was completed. (0x12B)
[1001/142700.854:ERROR:process_memory_win.cc(73)] ReadMemory at 0x7ff85683f4f8 of 40 bytes failed: Only part of a ReadProcessMemory or WriteProcessMemory request was completed. (0x12B)
[1001/142700.854:ERROR:process_memory_win.cc(73)] ReadMemory at 0x7ff85683f978 of 48 bytes failed: Only part of a ReadProcessMemory or WriteProcessMemory request was completed. (0x12B)
[1001/142700.854:ERROR:process_memory_win.cc(73)] ReadMemory at 0x7ff8568453c0 of 64 bytes failed: Only part of a ReadProcessMemory or WriteProcessMemory request was completed. (0x12B)
[1001/142700.854:ERROR:process_memory_win.cc(73)] ReadMemory at 0x7ffff9cfeabd of 512 bytes failed: Only part of a ReadProcessMemory or WriteProcessMemory request was completed. (0x12B)
[1001/142700.854:ERROR:process_memory_win.cc(73)] ReadMemory at 0x7fffff929f50 of 512 bytes failed: Only part of a ReadProcessMemory or WriteProcessMemory request was completed. (0x12B)
[1001/142700.854:ERROR:scoped_process_suspend.cc(40)] NtResumeProcess: An attempt was made to access an exiting process. (0xc000010a)
[1017/091123.807:ERROR:directory_reader_win.cc(43)] FindFirstFile: The system cannot find the path specified. (0x3)
[1019/092750.628:ERROR:directory_reader_win.cc(43)] FindFirstFile: The system cannot find the path specified. (0x3)
[1020/091825.094:ERROR:directory_reader_win.cc(43)] FindFirstFile: The system cannot find the path specified. (0x3)
[1021/092058.087:ERROR:directory_reader_win.cc(43)] FindFirstFile: The system cannot find the path specified. (0x3)
[1022/110149.810:ERROR:directory_reader_win.cc(43)] FindFirstFile: The system cannot find the path specified. (0x3)
[1023/092305.469:ERROR:directory_reader_win.cc(43)] FindFirstFile: The system cannot find the path specified. (0x3)
[1028/160319.142:ERROR:directory_reader_win.cc(43)] FindFirstFile: The system cannot find the path specified. (0x3)
[1030/040733.986:ERROR:directory_reader_win.cc(43)] FindFirstFile: The system cannot find the path specified. (0x3)
[1031/094446.256:ERROR:directory_reader_win.cc(43)] FindFirstFile: The system cannot find the path specified. (0x3)
[1102/093126.046:ERROR:directory_reader_win.cc(43)] FindFirstFile: The system cannot find the path specified. (0x3)
[1104/161743.596:ERROR:directory_reader_win.cc(43)] FindFirstFile: The system cannot find the path specified. (0x3)
[1105/095335.876:ERROR:directory_reader_win.cc(43)] FindFirstFile: The system cannot find the path specified. (0x3)
[1106/101058.317:ERROR:directory_reader_win.cc(43)] FindFirstFile: The system cannot find the path specified. (0x3)
[1109/094347.171:ERROR:directory_reader_win.cc(43)] FindFirstFile: The system cannot find the path specified. (0x3)
[1112/091128.708:ERROR:directory_reader_win.cc(43)] FindFirstFile: The system cannot find the path specified. (0x3)
[1113/092243.610:ERROR:directory_reader_win.cc(43)] FindFirstFile: The system cannot find the path specified. (0x3)
[1117/100035.471:ERROR:directory_reader_win.cc(43)] FindFirstFile: The system cannot find the path specified. (0x3)
[1124/101951.694:ERROR:directory_reader_win.cc(43)] FindFirstFile: The system cannot find the path specified. (0x3)
[1125/114137.041:ERROR:directory_reader_win.cc(43)] FindFirstFile: The system cannot find the path specified. (0x3)
[1126/102909.887:ERROR:directory_reader_win.cc(43)] FindFirstFile: The system cannot find the path specified. (0x3)
[1126/122407.950:ERROR:filesystem_win.cc(129)] GetFileAttributes C:\Users\H P\AppData\Local\Google\Chrome\User Data\Crashpad\attachments\e481fa08-66ba-4814-a20d-49147b559663: The system cannot find the path specified. (0x3)
[1128/110420.821:ERROR:directory_reader_win.cc(43)] FindFirstFile: The system cannot find the path specified. (0x3)
[1130/103556.584:ERROR:directory_reader_win.cc(43)] FindFirstFile: The system cannot find the path specified. (0x3)
[1202/103430.578:ERROR:directory_reader_win.cc(43)] FindFirstFile: The system cannot find the path specified. (0x3)
[1202/141421.194:ERROR:filesystem_win.cc(129)] GetFileAttributes C:\Users\H P\AppData\Local\Google\Chrome\User Data\Crashpad\attachments\ac108825-26cf-4603-8b5b-8e0df9c3e7a1: The system cannot find the path specified. (0x3)
[1203/105312.845:ERROR:directory_reader_win.cc(43)] FindFirstFile: The system cannot find the path specified. (0x3)
[1204/110634.948:ERROR:directory_reader_win.cc(43)] FindFirstFile: The system cannot find the path specified. (0x3)
[1204/134650.061:ERROR:filesystem_win.cc(129)] GetFileAttributes C:\Users\H P\AppData\Local\Google\Chrome\User Data\Crashpad\attachments\7b1a01e4-9aeb-4805-a154-ed4bd6855c71: The system cannot find the path specified. (0x3)
[1207/102014.232:ERROR:directory_reader_win.cc(43)] FindFirstFile: The system cannot find the path specified. (0x3)
[1208/103932.456:ERROR:directory_reader_win.cc(43)] FindFirstFile: The system cannot find the path specified. (0x3)
[1208/123921.347:ERROR:filesystem_win.cc(129)] GetFileAttributes C:\Users\H P\AppData\Local\Google\Chrome\User Data\Crashpad\attachments\57951862-2441-45c5-ab37-d66173511d19: The system cannot find the path specified. (0x3)
[1208/142844.001:ERROR:filesystem_win.cc(129)] GetFileAttributes C:\Users\H P\AppData\Local\Google\Chrome\User Data\Crashpad\attachments\f9fd30db-b4bf-4812-a64d-f1102488ae02: The system cannot find the path specified. (0x3)
[1208/163841.701:ERROR:filesystem_win.cc(129)] GetFileAttributes C:\Users\H P\AppData\Local\Google\Chrome\User Data\Crashpad\attachments\34c38367-744f-4342-9997-39b5c74d3a68: The system cannot find the path specified. (0x3)
[1224/042827.449:ERROR:directory_reader_win.cc(43)] FindFirstFile: The system cannot find the path specified. (0x3)
